<?xml version="1.0" encoding="UTF-8"?>
<testsuite xmlns:xsi="http://www.w3.org/2001/XMLSchema-instance" xsi:noNamespaceSchemaLocation="https://maven.apache.org/surefire/maven-surefire-plugin/xsd/surefire-test-report-3.0.xsd" version="3.0" name="com.chapter_chai.webapp.WebappApplicationTests" time="4.53" tests="1" errors="0" skipped="0" failures="0">
  <properties>
[...]
</properties>
  <testcase name="contextLoads" classname="com.chapter_chai.webapp.WebappApplicationTests" time="1.117">
    <system-out><![CDATA[20:43:52.214 [main] INFO org.springframework.test.context.support.AnnotationConfigContextLoaderUtils -- Could not detect default configuration classes for test class [com.chapter_chai.webapp.WebappApplicationTests]: WebappApplicationTests does not declare any static, non-private, non-final, nested classes annotated with @Configuration.
20:43:52.358 [main] INFO org.springframework.boot.test.context.SpringBootTestContextBootstrapper -- Found @SpringBootConfiguration com.chapter_chai.webapp.WebappApplication for test class com.chapter_chai.webapp.WebappApplicationTests

  .   ____          _            __ _ _
 /\\ / ___'_ __ _ _(_)_ __  __ _ \ \ \ \
( ( )\___ | '_ | '_| | '_ \/ _` | \ \ \ \
 \\/  ___)| |_)| | | | | || (_| |  ) ) ) )
  '  |____| .__|_| |_|_| |_\__, | / / / /
 =========|_|==============|___/=/_/_/_/

 :: Spring Boot ::                (v3.3.4)

2024-10-05T20:43:52.904-04:00  INFO 26656 --- [webapp] [           main] c.c.webapp.WebappApplicationTests        : Starting WebappApplicationTests using Java 21.0.1 with PID 26656 (started by mukun in C:\Users\mukun\OneDrive\Documents\CS 3300\Chapter-Chai\chapter_chai\backend)
2024-10-05T20:43:52.905-04:00  INFO 26656 --- [webapp] [           main] c.c.webapp.WebappApplicationTests        : No active profile set, falling back to 1 default profile: "default"
2024-10-05T20:43:55.262-04:00  WARN 26656 --- [webapp] [           main] ion$DefaultTemplateResolverConfiguration : Cannot find template location: classpath:/templates/ (please add some templates, check your Thymeleaf configuration, or set spring.thymeleaf.check-template-location=false)
2024-10-05T20:43:55.358-04:00  INFO 26656 --- [webapp] [           main] c.c.webapp.WebappApplicationTests        : Started WebappApplicationTests in 2.804 seconds (process running for 4.073)
]]></system-out>
    <system-err><![CDATA[WARNING: A Java agent has been loaded dynamically (C:\Users\mukun\.m2\repository\net\bytebuddy\byte-buddy-agent\1.14.19\byte-buddy-agent-1.14.19.jar)
WARNING: If a serviceability tool is in use, please run with -XX:+EnableDynamicAgentLoading to hide this warning
WARNING: If a serviceability tool is not in use, please run with -Djdk.instrument.traceUsage for more information
WARNING: Dynamic loading of agents will be disallowed by default in a future release
]]></system-err>
  </testcase>
</testsuite>